<?xml version="1.0" encoding="UTF-8"?>
<!-- Generated by org.testng.reporters.JUnitXMLReporter -->
<testsuite hostname="hybeenLappy" tests="28" failures="0" timestamp="23 Mar 2016 21:59:03 GMT" time="1.988" errors="0">
  <testcase name="graphNodeGetSuccessors" time="0.006" classname="Test_GraphNode"/>
  <testcase name="aStarSearchTesting" time="1.531" classname="Test_Search"/>
  <testcase name="aStarSearchTesting2" time="0.003" classname="Test_Search"/>
  <testcase name="breadthFirstSearchTesting" time="0.017" classname="Test_Search"/>
  <testcase name="breadthFirstSearchTesting2" time="0.008" classname="Test_Search"/>
  <testcase name="depthFirstSearchTesting" time="0.081" classname="Test_Search"/>
  <testcase name="depthFirstSearchTesting2" time="0.043" classname="Test_Search"/>
  <testcase name="bubbleSort" time="0.069" classname="Test_Sort"/>
  <testcase name="insertSort" time="0.032" classname="Test_Sort"/>
  <testcase name="selectionSort" time="0.018" classname="Test_Sort"/>
  <testcase name="unitBlockCheck" time="0.004" classname="Test_Unit"/>
  <testcase name="unitDecideRoute" time="0.008" classname="Test_Unit"/>
  <testcase name="unitMoveDownNoBlock" time="0.006" classname="Test_Unit"/>
  <testcase name="unitMoveDownWithBlock" time="0.003" classname="Test_Unit"/>
  <testcase name="unitMoveLeftNoBlock" time="0.003" classname="Test_Unit"/>
  <testcase name="unitMoveLeftWithBlock" time="0.014" classname="Test_Unit"/>
  <testcase name="unitMoveRightNoBlock" time="0.004" classname="Test_Unit"/>
  <testcase name="unitMoveRightWithBlock" time="0.002" classname="Test_Unit"/>
  <testcase name="unitMoveUpNoBlock" time="0.003" classname="Test_Unit"/>
  <testcase name="unitMoveUpWithBlock" time="0.002" classname="Test_Unit"/>
  <testcase name="unitUpdateMoveDownNoBlock" time="0.049" classname="Test_Unit"/>
  <testcase name="unitUpdateMoveDownWithBlock" time="0.004" classname="Test_Unit"/>
  <testcase name="unitUpdateMoveLeftNoBlock" time="0.004" classname="Test_Unit"/>
  <testcase name="unitUpdateMoveLeftWithBlock" time="0.008" classname="Test_Unit"/>
  <testcase name="unitUpdateMoveRightNoBlock" time="0.005" classname="Test_Unit"/>
  <testcase name="unitUpdateMoveRightWithBlock" time="0.026" classname="Test_Unit"/>
  <testcase name="unitUpdateMoveUpNoBlock" time="0.004" classname="Test_Unit"/>
  <testcase name="unitUpdateMoveUpWithBlock" time="0.005" classname="Test_Unit"/>
</testsuite>
